  Main.cpp
C:\Users\brian\Desktop\Projects\Midterm Project\Midterm Project\EsportsPlayer.h(9,9): error C3646: 'name': unknown override specifier
C:\Users\brian\Desktop\Projects\Midterm Project\Midterm Project\EsportsPlayer.h(9,13): error C4430: missing type specifier - int assumed. Note: C++ does not support default-int
C:\Users\brian\Desktop\Projects\Midterm Project\Midterm Project\EsportsPlayer.h(10,9): error C3646: 'teamName': unknown override specifier
C:\Users\brian\Desktop\Projects\Midterm Project\Midterm Project\EsportsPlayer.h(10,17): error C4430: missing type specifier - int assumed. Note: C++ does not support default-int
C:\Users\brian\Desktop\Projects\Midterm Project\Midterm Project\EsportsPlayer.h(18,16): error C2061: syntax error: identifier 'string'
C:\Users\brian\Desktop\Projects\Midterm Project\Midterm Project\EsportsPlayer.h(19,9): error C3646: 'getName': unknown override specifier
C:\Users\brian\Desktop\Projects\Midterm Project\Midterm Project\EsportsPlayer.h(19,16): error C2059: syntax error: '('
C:\Users\brian\Desktop\Projects\Midterm Project\Midterm Project\EsportsPlayer.h(19,18): error C2238: unexpected token(s) preceding ';'
C:\Users\brian\Desktop\Projects\Midterm Project\Midterm Project\EsportsPlayer.h(20,9): error C3646: 'getTeamName': unknown override specifier
C:\Users\brian\Desktop\Projects\Midterm Project\Midterm Project\EsportsPlayer.h(20,20): error C2059: syntax error: '('
C:\Users\brian\Desktop\Projects\Midterm Project\Midterm Project\EsportsPlayer.h(20,22): error C2238: unexpected token(s) preceding ';'
C:\Users\brian\Desktop\Projects\Midterm Project\Midterm Project\EsportsTeam.h(12,8): error C2143: syntax error: missing ';' before '<'
C:\Users\brian\Desktop\Projects\Midterm Project\Midterm Project\EsportsTeam.h(12,8): error C4430: missing type specifier - int assumed. Note: C++ does not support default-int
C:\Users\brian\Desktop\Projects\Midterm Project\Midterm Project\EsportsTeam.h(12,31): error C2238: unexpected token(s) preceding ';'
C:\Users\brian\Desktop\Projects\Midterm Project\Midterm Project\EsportsTeam.h(16,14): error C2061: syntax error: identifier 'string'
C:\Users\brian\Desktop\Projects\Midterm Project\Midterm Project\Main.cpp(10,10): error C2275: 'EsportsPlayer': expected an expression instead of a type
  EsportsTeam.cpp
C:\Users\brian\Desktop\Projects\Midterm Project\Midterm Project\EsportsPlayer.h(9,9): error C3646: 'name': unknown override specifier
C:\Users\brian\Desktop\Projects\Midterm Project\Midterm Project\EsportsPlayer.h(9,13): error C4430: missing type specifier - int assumed. Note: C++ does not support default-int
C:\Users\brian\Desktop\Projects\Midterm Project\Midterm Project\EsportsPlayer.h(10,9): error C3646: 'teamName': unknown override specifier
C:\Users\brian\Desktop\Projects\Midterm Project\Midterm Project\EsportsPlayer.h(10,17): error C4430: missing type specifier - int assumed. Note: C++ does not support default-int
C:\Users\brian\Desktop\Projects\Midterm Project\Midterm Project\EsportsPlayer.h(18,16): error C2061: syntax error: identifier 'string'
C:\Users\brian\Desktop\Projects\Midterm Project\Midterm Project\EsportsPlayer.h(19,9): error C3646: 'getName': unknown override specifier
C:\Users\brian\Desktop\Projects\Midterm Project\Midterm Project\EsportsPlayer.h(19,16): error C2059: syntax error: '('
C:\Users\brian\Desktop\Projects\Midterm Project\Midterm Project\EsportsPlayer.h(19,18): error C2238: unexpected token(s) preceding ';'
C:\Users\brian\Desktop\Projects\Midterm Project\Midterm Project\EsportsPlayer.h(20,9): error C3646: 'getTeamName': unknown override specifier
C:\Users\brian\Desktop\Projects\Midterm Project\Midterm Project\EsportsPlayer.h(20,20): error C2059: syntax error: '('
C:\Users\brian\Desktop\Projects\Midterm Project\Midterm Project\EsportsPlayer.h(20,22): error C2238: unexpected token(s) preceding ';'
C:\Users\brian\Desktop\Projects\Midterm Project\Midterm Project\EsportsTeam.h(12,8): error C2143: syntax error: missing ';' before '<'
C:\Users\brian\Desktop\Projects\Midterm Project\Midterm Project\EsportsTeam.h(12,8): error C4430: missing type specifier - int assumed. Note: C++ does not support default-int
C:\Users\brian\Desktop\Projects\Midterm Project\Midterm Project\EsportsTeam.h(12,31): error C2238: unexpected token(s) preceding ';'
C:\Users\brian\Desktop\Projects\Midterm Project\Midterm Project\EsportsTeam.h(16,14): error C2061: syntax error: identifier 'string'
C:\Users\brian\Desktop\Projects\Midterm Project\Midterm Project\EsportsTeam.cpp(4,14): error C2511: 'EsportsTeam::EsportsTeam(std::string)': overloaded member function not found in 'EsportsTeam'
C:\Users\brian\Desktop\Projects\Midterm Project\Midterm Project\EsportsTeam.h(9): message : see declaration of 'EsportsTeam'
C:\Users\brian\Desktop\Projects\Midterm Project\Midterm Project\EsportsTeam.cpp(12,31): error C2665: 'EsportsPlayer::EsportsPlayer': none of the 3 overloads could convert all the argument types
C:\Users\brian\Desktop\Projects\Midterm Project\Midterm Project\EsportsPlayer.h(28,1): message : could be 'EsportsPlayer::EsportsPlayer(EsportsPlayer &&)'
C:\Users\brian\Desktop\Projects\Midterm Project\Midterm Project\EsportsPlayer.h(28,1): message : or       'EsportsPlayer::EsportsPlayer(const EsportsPlayer &)'
C:\Users\brian\Desktop\Projects\Midterm Project\Midterm Project\EsportsTeam.cpp(12,18): message : 'EsportsPlayer::EsportsPlayer(const EsportsPlayer &)': cannot convert argument 1 from 'std::string' to 'const EsportsPlayer &'
C:\Users\brian\Desktop\Projects\Midterm Project\Midterm Project\EsportsTeam.cpp(12,31): message : Reason: cannot convert from 'std::string' to 'const EsportsPlayer'
C:\Users\brian\Desktop\Projects\Midterm Project\Midterm Project\EsportsTeam.cpp(12,19): message : No user-defined-conversion operator available that can perform this conversion, or the operator cannot be called
C:\Users\brian\Desktop\Projects\Midterm Project\Midterm Project\EsportsPlayer.h(28,1): message : see declaration of 'EsportsPlayer::EsportsPlayer'
C:\Users\brian\Desktop\Projects\Midterm Project\Midterm Project\EsportsTeam.cpp(12,31): message : while trying to match the argument list '(std::string)'
C:\Users\brian\Desktop\Projects\Midterm Project\Midterm Project\EsportsTeam.cpp(13,3): error C2065: 'players': undeclared identifier
  EsportsPlayer.cpp
C:\Users\brian\Desktop\Projects\Midterm Project\Midterm Project\EsportsPlayer.h(9,9): error C3646: 'name': unknown override specifier
C:\Users\brian\Desktop\Projects\Midterm Project\Midterm Project\EsportsPlayer.h(9,13): error C4430: missing type specifier - int assumed. Note: C++ does not support default-int
C:\Users\brian\Desktop\Projects\Midterm Project\Midterm Project\EsportsPlayer.h(10,9): error C3646: 'teamName': unknown override specifier
C:\Users\brian\Desktop\Projects\Midterm Project\Midterm Project\EsportsPlayer.h(10,17): error C4430: missing type specifier - int assumed. Note: C++ does not support default-int
C:\Users\brian\Desktop\Projects\Midterm Project\Midterm Project\EsportsPlayer.h(18,16): error C2061: syntax error: identifier 'string'
C:\Users\brian\Desktop\Projects\Midterm Project\Midterm Project\EsportsPlayer.h(19,9): error C3646: 'getName': unknown override specifier
C:\Users\brian\Desktop\Projects\Midterm Project\Midterm Project\EsportsPlayer.h(19,16): error C2059: syntax error: '('
C:\Users\brian\Desktop\Projects\Midterm Project\Midterm Project\EsportsPlayer.h(19,18): error C2238: unexpected token(s) preceding ';'
C:\Users\brian\Desktop\Projects\Midterm Project\Midterm Project\EsportsPlayer.h(20,9): error C3646: 'getTeamName': unknown override specifier
C:\Users\brian\Desktop\Projects\Midterm Project\Midterm Project\EsportsPlayer.h(20,20): error C2059: syntax error: '('
C:\Users\brian\Desktop\Projects\Midterm Project\Midterm Project\EsportsPlayer.h(20,22): error C2238: unexpected token(s) preceding ';'
C:\Users\brian\Desktop\Projects\Midterm Project\Midterm Project\EsportsPlayer.cpp(4,16): error C2511: 'EsportsPlayer::EsportsPlayer(std::string)': overloaded member function not found in 'EsportsPlayer'
C:\Users\brian\Desktop\Projects\Midterm Project\Midterm Project\EsportsPlayer.h(6): message : see declaration of 'EsportsPlayer'
C:\Users\brian\Desktop\Projects\Midterm Project\Midterm Project\EsportsPlayer.cpp(5,2): error C2065: 'name': undeclared identifier
C:\Users\brian\Desktop\Projects\Midterm Project\Midterm Project\EsportsPlayer.cpp(6,2): error C2065: 'teamName': undeclared identifier
C:\Users\brian\Desktop\Projects\Midterm Project\Midterm Project\EsportsPlayer.cpp(7,2): error C2597: illegal reference to non-static member 'EsportsPlayer::kills'
C:\Users\brian\Desktop\Projects\Midterm Project\Midterm Project\EsportsPlayer.h(11): message : see declaration of 'EsportsPlayer::kills'
C:\Users\brian\Desktop\Projects\Midterm Project\Midterm Project\EsportsPlayer.cpp(8,2): error C2597: illegal reference to non-static member 'EsportsPlayer::deaths'
C:\Users\brian\Desktop\Projects\Midterm Project\Midterm Project\EsportsPlayer.h(12): message : see declaration of 'EsportsPlayer::deaths'
C:\Users\brian\Desktop\Projects\Midterm Project\Midterm Project\EsportsPlayer.cpp(9,2): error C2597: illegal reference to non-static member 'EsportsPlayer::headshotPercentage'
C:\Users\brian\Desktop\Projects\Midterm Project\Midterm Project\EsportsPlayer.h(13): message : see declaration of 'EsportsPlayer::headshotPercentage'
C:\Users\brian\Desktop\Projects\Midterm Project\Midterm Project\EsportsPlayer.cpp(10,2): error C2597: illegal reference to non-static member 'EsportsPlayer::killDeathRatio'
C:\Users\brian\Desktop\Projects\Midterm Project\Midterm Project\EsportsPlayer.h(14): message : see declaration of 'EsportsPlayer::killDeathRatio'
C:\Users\brian\Desktop\Projects\Midterm Project\Midterm Project\EsportsPlayer.cpp(11,2): error C2597: illegal reference to non-static member 'EsportsPlayer::rating'
C:\Users\brian\Desktop\Projects\Midterm Project\Midterm Project\EsportsPlayer.h(15): message : see declaration of 'EsportsPlayer::rating'
C:\Users\brian\Desktop\Projects\Midterm Project\Midterm Project\EsportsPlayer.cpp(14,23): error C2039: 'getName': is not a member of 'EsportsPlayer'
C:\Users\brian\Desktop\Projects\Midterm Project\Midterm Project\EsportsPlayer.h(6): message : see declaration of 'EsportsPlayer'
C:\Users\brian\Desktop\Projects\Midterm Project\Midterm Project\EsportsPlayer.cpp(15,9): error C2065: 'name': undeclared identifier
C:\Users\brian\Desktop\Projects\Midterm Project\Midterm Project\EsportsPlayer.cpp(18,23): error C2039: 'getTeamName': is not a member of 'EsportsPlayer'
C:\Users\brian\Desktop\Projects\Midterm Project\Midterm Project\EsportsPlayer.h(6): message : see declaration of 'EsportsPlayer'
C:\Users\brian\Desktop\Projects\Midterm Project\Midterm Project\EsportsPlayer.cpp(19,9): error C2065: 'teamName': undeclared identifier
  Generating Code...
